[0m15:58:42.770475 [debug] [MainThread]: Sending event: {'category': 'dbt', 'action': 'invocation', 'label': 'start', 'context': [<snowplow_tracker.self_describing_json.SelfDescribingJson object at 0x0000018CC2FEC590>, <snowplow_tracker.self_describing_json.SelfDescribingJson object at 0x0000018CC04A8910>, <snowplow_tracker.self_describing_json.SelfDescribingJson object at 0x0000018CC54F3890>]}


============================== 15:58:42.784550 | 12e8b575-058d-4230-8e3a-53d2c6d5b77d ==============================
[0m15:58:42.784550 [info ] [MainThread]: Running with dbt=1.12.0-b3
[0m15:58:42.785170 [debug] [MainThread]: running dbt with arguments {'static_parser': 'True', 'no_print': 'None', 'maximum_seed_size_mib': '1', 'target_path': 'None', 'warn_error_options': 'WarnErrorOptionsV2(error=[], warn=[], silence=[])', 'version_check': 'True', 'printer_width': '80', 'write_json': 'True', 'empty': 'None', 'log_cache_events': 'False', 'introspect': 'True', 'cache_selected_only': 'False', 'log_format': 'default', 'debug': 'False', 'fail_fast': 'False', 'profiles_dir': 'C:\\Users\\Thomas\\.dbt', 'send_anonymous_usage_stats': 'True', 'quiet': 'False', 'warn_error': 'None', 'partial_parse': 'True', 'indirect_selection': 'eager', 'invocation_command': 'dbt debug', 'use_colors': 'True', 'use_experimental_parser': 'False', 'log_path': 'logs'}
[0m15:58:42.858333 [info ] [MainThread]: dbt version: 1.12.0-b3
[0m15:58:42.858752 [info ] [MainThread]: python version: 3.14.6
[0m15:58:42.859094 [info ] [MainThread]: python path: C:\Users\Thomas\AppData\Local\Python\pythoncore-3.14-64\python.exe
[0m15:58:42.859413 [info ] [MainThread]: os info: Windows-11-10.0.26200-SP0
[0m15:58:42.904551 [info ] [MainThread]: Using profiles dir at C:\Users\Thomas\.dbt
[0m15:58:42.904968 [info ] [MainThread]: Using profiles.yml file at C:\Users\Thomas\.dbt\profiles.yml
[0m15:58:42.905325 [info ] [MainThread]: Using dbt_project.yml file at C:\Users\Thomas\Documents\01 - Data\Open-data-stack\dbt_project.yml
[0m15:58:42.906103 [info ] [MainThread]: adapter type: postgres
[0m15:58:42.906430 [info ] [MainThread]: adapter version: 1.10.2
[0m15:58:42.906804 [info ] [MainThread]: Configuration:
[0m15:58:42.907130 [info ] [MainThread]:   profiles.yml file [[32mOK found and valid[0m]
[0m15:58:42.907440 [info ] [MainThread]:   dbt_project.yml file [[31mERROR not found[0m]
[0m15:58:42.907735 [info ] [MainThread]: Required dependencies:
[0m15:58:42.908178 [debug] [MainThread]: Executing "git --help"
[0m15:58:42.955759 [debug] [MainThread]: STDOUT: "b"usage: git [-v | --version] [-h | --help] [-C <path>] [-c <name>=<value>]\n           [--exec-path[=<path>]] [--html-path] [--man-path] [--info-path]\n           [-p | --paginate | -P | --no-pager] [--no-replace-objects] [--no-lazy-fetch]\n           [--no-optional-locks] [--no-advice] [--bare] [--git-dir=<path>]\n           [--work-tree=<path>] [--namespace=<name>] [--config-env=<name>=<envvar>]\n           <command> [<args>]\n\nThese are common Git commands used in various situations:\n\nstart a working area (see also: git help tutorial)\n   clone      Clone a repository into a new directory\n   init       Create an empty Git repository or reinitialize an existing one\n\nwork on the current change (see also: git help everyday)\n   add        Add file contents to the index\n   mv         Move or rename a file, a directory, or a symlink\n   restore    Restore working tree files\n   rm         Remove files from the working tree and from the index\n\nexamine the history and state (see also: git help revisions)\n   bisect     Use binary search to find the commit that introduced a bug\n   diff       Show changes between commits, commit and working tree, etc\n   grep       Print lines matching a pattern\n   log        Show commit logs\n   show       Show various types of objects\n   status     Show the working tree status\n\ngrow, mark and tweak your common history\n   backfill   Download missing objects in a partial clone\n   branch     List, create, or delete branches\n   commit     Record changes to the repository\n   history    EXPERIMENTAL: Rewrite history\n   merge      Join two or more development histories together\n   rebase     Reapply commits on top of another base tip\n   reset      Set `HEAD` or the index to a known state\n   switch     Switch branches\n   tag        Create, list, delete or verify tags\n\ncollaborate (see also: git help workflows)\n   fetch      Download objects and refs from another repository\n   pull       Fetch from and integrate with another repository or a local branch\n   push       Update remote refs along with associated objects\n\n'git help -a' and 'git help -g' list available subcommands and some\nconcept guides. See 'git help <command>' or 'git help <concept>'\nto read about a specific subcommand or concept.\nSee 'git help git' for an overview of the system.\n""
[0m15:58:42.956264 [debug] [MainThread]: STDERR: "b''"
[0m15:58:42.956651 [info ] [MainThread]:  - git [[32mOK found[0m]

[0m15:58:42.956988 [info ] [MainThread]: Connection:
[0m15:58:42.957346 [info ] [MainThread]:   host: localhost
[0m15:58:42.957671 [info ] [MainThread]:   port: 5432
[0m15:58:42.958013 [info ] [MainThread]:   user: thomas
[0m15:58:42.958338 [info ] [MainThread]:   database: datawarehouse_db
[0m15:58:42.958647 [info ] [MainThread]:   schema: edw
[0m15:58:42.958962 [info ] [MainThread]:   connect_timeout: 10
[0m15:58:42.959287 [info ] [MainThread]:   role: None
[0m15:58:42.959607 [info ] [MainThread]:   search_path: None
[0m15:58:42.959921 [info ] [MainThread]:   keepalives_idle: 0
[0m15:58:42.960216 [info ] [MainThread]:   sslmode: None
[0m15:58:42.960502 [info ] [MainThread]:   sslcert: None
[0m15:58:42.960790 [info ] [MainThread]:   sslkey: None
[0m15:58:42.961074 [info ] [MainThread]:   sslrootcert: None
[0m15:58:42.961396 [info ] [MainThread]:   application_name: dbt
[0m15:58:42.961721 [info ] [MainThread]:   retries: 1
[0m15:58:42.962248 [info ] [MainThread]: Registered adapter: postgres=1.10.2
[0m15:58:43.304442 [debug] [MainThread]: Acquiring new postgres connection 'debug'
[0m15:58:43.479861 [debug] [MainThread]: Using postgres connection "debug"
[0m15:58:43.480170 [debug] [MainThread]: On debug: select 1 as id
[0m15:58:43.480371 [debug] [MainThread]: Opening a new connection, currently in state init
[0m15:58:43.543017 [debug] [MainThread]: SQL status: SELECT 1 in 0.063 seconds
[0m15:58:43.543874 [debug] [MainThread]: On debug: Close
[0m15:58:43.544212 [info ] [MainThread]:   Connection test: [[32mOK connection ok[0m]

[0m15:58:43.544582 [info ] [MainThread]: [31m1 check failed:[0m
[0m15:58:43.544952 [info ] [MainThread]: Project loading failed for the following reason:
 project path <C:\Users\Thomas\Documents\01 - Data\Open-data-stack\dbt_project.yml> not found

[0m15:58:43.545841 [debug] [MainThread]: Command `dbt debug` failed at 15:58:43.545737 after 1.04 seconds
[0m15:58:43.546135 [debug] [MainThread]: Connection 'debug' was properly closed.
[0m15:58:43.546430 [debug] [MainThread]: Sending event: {'category': 'dbt', 'action': 'invocation', 'label': 'end', 'context': [<snowplow_tracker.self_describing_json.SelfDescribingJson object at 0x0000018CC55A3BB0>, <snowplow_tracker.self_describing_json.SelfDescribingJson object at 0x0000018CC573A210>, <snowplow_tracker.self_describing_json.SelfDescribingJson object at 0x0000018CC572D040>]}
[0m15:58:43.546768 [debug] [MainThread]: Flushing usage events
[0m15:58:43.995975 [debug] [MainThread]: An error was encountered while trying to flush usage events
